<?xml version="1.0" encoding="UTF-8"?>
<!-- Generated by org.testng.reporters.JUnitReportReporter -->
<testsuite hostname="VIJAY" failures="0" tests="1" name="ttds.Dharshan" time="13.864" errors="0" timestamp="2022-01-20T08:59:44 IST" skipped="0">
  <testcase classname="ttds.Dharshan" name="page" time="13.864"/>
  <system-out/>
</testsuite> <!-- ttds.Dharshan -->
